生成启动时间为 2014/5/7 23:29:22。
     1>项目“G:\VS2010\workstation\positionBasedFluid_bunny\positionBasedFluid\positionBasedFluid.vcxproj”在节点 2 上(build 个目标)。
     1>InitializeBuildStatus:
         正在创建“Release\positionBasedFluid.unsuccessfulbuild”，因为已指定“AlwaysCreate”。
       ClCompile:
         g:\VS2010\VC\bin\CL.exe /c /Zi /nologo /W3 /WX- /O2 /Oi /Oy- /GL /D WIN32 /D NDEBUG /D _CONSOLE /D _UNICODE /D UNICODE /Gm- /EHsc /MD /GS /Gy /fp:precise /Zc:wchar_t /Zc:forScope /Fo"Release\\" /Fd"Release\vc100.pdb" /Gd /TP /analyze- /errorReport:prompt main.cpp
         main.cpp
     1>main.cpp(192): warning C4018: “<”: 有符号/无符号不匹配
     1>main.cpp(247): warning C4996: 'sprintf': This function or variable may be unsafe. Consider using sprintf_s instead. To disable deprecation, use _CRT_SECURE_NO_WARNINGS. See online help for details.
                 g:\VS2010\VC\include\stdio.h(371) : 参见“sprintf”的声明
       Link:
         g:\VS2010\VC\bin\link.exe /ERRORREPORT:PROMPT /OUT:"G:\VS2010\workstation\positionBasedFluid_bunny\Release\positionBasedFluid.exe" /INCREMENTAL:NO /NOLOGO kernel32.lib user32.lib gdi32.lib winspool.lib comdlg32.lib advapi32.lib shell32.lib ole32.lib oleaut32.lib uuid.lib odbc32.lib odbccp32.lib /MANIFEST /ManifestFile:"Release\positionBasedFluid.exe.intermediate.manifest" /MANIFESTUAC:"level='asInvoker' uiAccess='false'" /DEBUG /PDB:"G:\VS2010\workstation\positionBasedFluid_bunny\Release\positionBasedFluid.pdb" /SUBSYSTEM:CONSOLE /OPT:REF /OPT:ICF /LTCG /TLBID:1 /DYNAMICBASE /NXCOMPAT /IMPLIB:"G:\VS2010\workstation\positionBasedFluid_bunny\Release\positionBasedFluid.lib" /MACHINE:X86 Release\fps.obj
         Release\main.obj
         Release\PBF.obj
         Release\vec.obj
         正在生成代码
         已完成代码的生成
         positionBasedFluid.vcxproj -> G:\VS2010\workstation\positionBasedFluid_bunny\Release\positionBasedFluid.exe
       Manifest:
         C:\Program Files (x86)\Microsoft SDKs\Windows\v7.0A\bin\mt.exe /nologo /verbose /outputresource:"G:\VS2010\workstation\positionBasedFluid_bunny\Release\positionBasedFluid.exe;#1" /manifest Release\positionBasedFluid.exe.intermediate.manifest
       FinalizeBuildStatus:
         正在删除文件“Release\positionBasedFluid.unsuccessfulbuild”。
         正在对“Release\positionBasedFluid.lastbuildstate”执行 Touch 任务。
     1>已完成生成项目“G:\VS2010\workstation\positionBasedFluid_bunny\positionBasedFluid\positionBasedFluid.vcxproj”(build 个目标)的操作。

生成成功。

已用时间 00:00:01.62
