生成启动时间为 2014/5/7 19:29:06。
     1>项目“G:\VS2010\workstation\positionBasedFluid_bunny\positionBasedFluid\positionBasedFluid.vcxproj”在节点 2 上(build 个目标)。
     1>InitializeBuildStatus:
         正在创建“Debug\positionBasedFluid.unsuccessfulbuild”，因为已指定“AlwaysCreate”。
       ClCompile:
         g:\VS2010\VC\bin\CL.exe /c /ZI /nologo /W3 /WX- /Od /Oy- /D WIN32 /D _DEBUG /D _CONSOLE /D _UNICODE /D UNICODE /Gm /EHsc /RTC1 /MDd /GS /fp:precise /Zc:wchar_t /Zc:forScope /Fo"Debug\\" /Fd"Debug\vc100.pdb" /Gd /TP /analyze- /errorReport:prompt main.cpp
         main.cpp
     1>g:\vs2010\workstation\positionbasedfluid_bunny\positionbasedfluid\main.cpp(192): warning C4018: “<”: 有符号/无符号不匹配
     1>g:\vs2010\workstation\positionbasedfluid_bunny\positionbasedfluid\main.cpp(247): warning C4996: 'sprintf': This function or variable may be unsafe. Consider using sprintf_s instead. To disable deprecation, use _CRT_SECURE_NO_WARNINGS. See online help for details.
                 g:\vs2010\vc\include\stdio.h(371) : 参见“sprintf”的声明
       ManifestResourceCompile:
         所有输出均为最新。
       Link:
         g:\VS2010\VC\bin\link.exe /ERRORREPORT:PROMPT /OUT:"G:\VS2010\workstation\positionBasedFluid_bunny\Debug\positionBasedFluid.exe" /INCREMENTAL /NOLOGO kernel32.lib user32.lib gdi32.lib winspool.lib comdlg32.lib advapi32.lib shell32.lib ole32.lib oleaut32.lib uuid.lib odbc32.lib odbccp32.lib /MANIFEST /ManifestFile:"Debug\positionBasedFluid.exe.intermediate.manifest" /MANIFESTUAC:"level='asInvoker' uiAccess='false'" /DEBUG /PDB:"G:\VS2010\workstation\positionBasedFluid_bunny\Debug\positionBasedFluid.pdb" /SUBSYSTEM:CONSOLE /TLBID:1 /DYNAMICBASE /NXCOMPAT /IMPLIB:"G:\VS2010\workstation\positionBasedFluid_bunny\Debug\positionBasedFluid.lib" /MACHINE:X86 Debug\positionBasedFluid.exe.embed.manifest.res
         Debug\fps.obj
         Debug\main.obj
         Debug\PBF.obj
         Debug\vec.obj
       Manifest:
         C:\Program Files (x86)\Microsoft SDKs\Windows\v7.0A\bin\mt.exe /nologo /verbose /out:"Debug\positionBasedFluid.exe.embed.manifest" /manifest Debug\positionBasedFluid.exe.intermediate.manifest
         所有输出均为最新。
       LinkEmbedManifest:
         所有输出均为最新。
         positionBasedFluid.vcxproj -> G:\VS2010\workstation\positionBasedFluid_bunny\Debug\positionBasedFluid.exe
       FinalizeBuildStatus:
         正在删除文件“Debug\positionBasedFluid.unsuccessfulbuild”。
         正在对“Debug\positionBasedFluid.lastbuildstate”执行 Touch 任务。
     1>已完成生成项目“G:\VS2010\workstation\positionBasedFluid_bunny\positionBasedFluid\positionBasedFluid.vcxproj”(build 个目标)的操作。

生成成功。

已用时间 00:00:01.26
