G:\VS2010\workstation\positionBasedFluid_v0_5\Debug\positionBasedFluid.exe
G:\VS2010\workstation\positionBasedFluid_v0_5\Debug\positionBasedFluid.ilk
G:\VS2010\workstation\positionBasedFluid_v0_5\Debug\positionBasedFluid.pdb
G:\VS2010\workstation\positionBasedFluid_v0_5\positionBasedFluid\Debug\cl.command.1.tlog
G:\VS2010\workstation\positionBasedFluid_v0_5\positionBasedFluid\Debug\CL.read.1.tlog
G:\VS2010\workstation\positionBasedFluid_v0_5\positionBasedFluid\Debug\CL.write.1.tlog
G:\VS2010\workstation\positionBasedFluid_v0_5\positionBasedFluid\Debug\link.6716.read.1.tlog
G:\VS2010\workstation\positionBasedFluid_v0_5\positionBasedFluid\Debug\link.6716.write.1.tlog
G:\VS2010\workstation\positionBasedFluid_v0_5\positionBasedFluid\Debug\link.6716-cvtres.read.1.tlog
G:\VS2010\workstation\positionBasedFluid_v0_5\positionBasedFluid\Debug\link.6716-cvtres.write.1.tlog
G:\VS2010\workstation\positionBasedFluid_v0_5\positionBasedFluid\Debug\link.command.1.tlog
G:\VS2010\workstation\positionBasedFluid_v0_5\positionBasedFluid\Debug\link.read.1.tlog
G:\VS2010\workstation\positionBasedFluid_v0_5\positionBasedFluid\Debug\link.write.1.tlog
G:\VS2010\workstation\positionBasedFluid_v0_5\positionBasedFluid\Debug\link-cvtres.read.1.tlog
G:\VS2010\workstation\positionBasedFluid_v0_5\positionBasedFluid\Debug\link-cvtres.write.1.tlog
G:\VS2010\WORKSTATION\POSITIONBASEDFLUID_V0_5\POSITIONBASEDFLUID\DEBUG\MAIN.OBJ
G:\VS2010\workstation\positionBasedFluid_v0_5\positionBasedFluid\Debug\mt.command.1.tlog
G:\VS2010\workstation\positionBasedFluid_v0_5\positionBasedFluid\Debug\mt.read.1.tlog
G:\VS2010\workstation\positionBasedFluid_v0_5\positionBasedFluid\Debug\mt.write.1.tlog
G:\VS2010\WORKSTATION\POSITIONBASEDFLUID_V0_5\POSITIONBASEDFLUID\DEBUG\PBF.OBJ
G:\VS2010\WORKSTATION\POSITIONBASEDFLUID_V0_5\POSITIONBASEDFLUID\DEBUG\POSITIONBASEDFLUID.EXE.EMBED.MANIFEST
G:\VS2010\WORKSTATION\POSITIONBASEDFLUID_V0_5\POSITIONBASEDFLUID\DEBUG\POSITIONBASEDFLUID.EXE.EMBED.MANIFEST.RES
G:\VS2010\workstation\positionBasedFluid_v0_5\positionBasedFluid\Debug\positionBasedFluid.exe.intermediate.manifest
G:\VS2010\workstation\positionBasedFluid_v0_5\positionBasedFluid\Debug\positionBasedFluid_manifest.rc
G:\VS2010\workstation\positionBasedFluid_v0_5\positionBasedFluid\Debug\rc.command.1.tlog
G:\VS2010\workstation\positionBasedFluid_v0_5\positionBasedFluid\Debug\rc.read.1.tlog
G:\VS2010\workstation\positionBasedFluid_v0_5\positionBasedFluid\Debug\rc.write.1.tlog
G:\VS2010\workstation\positionBasedFluid_v0_5\positionBasedFluid\Debug\vc100.idb
G:\VS2010\WORKSTATION\POSITIONBASEDFLUID_V0_5\POSITIONBASEDFLUID\DEBUG\VC100.PDB
G:\VS2010\WORKSTATION\POSITIONBASEDFLUID_V0_5\POSITIONBASEDFLUID\DEBUG\VEC.OBJ
